2024-08-14T08:15:31.351+03:00  INFO 24588 --- [Spring-Kotlin-DistributedLock] [main] SpringKotlinDistributedLockApplicationKt : Starting SpringKotlinDistributedLockApplicationKt using Java 17.0.10 with PID 24588 (/Users/tcasenocak/Desktop/github/Spring-Kotlin-DistributedLock/build/classes/kotlin/main started by tcasenocak in /Users/tcasenocak/Desktop/github/Spring-Kotlin-DistributedLock)
2024-08-14T08:15:31.364+03:00  INFO 24588 --- [Spring-Kotlin-DistributedLock] [main] SpringKotlinDistributedLockApplicationKt : No active profile set, falling back to 1 default profile: "default"
2024-08-14T08:15:31.848+03:00  INFO 24588 --- [Spring-Kotlin-DistributedLock] [main] .s.d.r.c.RepositoryConfigurationDelegate : Multiple Spring Data modules found, entering strict repository configuration mode
2024-08-14T08:15:31.849+03:00  INFO 24588 --- [Spring-Kotlin-DistributedLock] [main] .s.d.r.c.RepositoryConfigurationDelegate : Bootstrapping Spring Data JPA repositories in DEFAULT mode.
2024-08-14T08:15:31.929+03:00  INFO 24588 --- [Spring-Kotlin-DistributedLock] [main] .s.d.r.c.RepositoryConfigurationDelegate : Finished Spring Data repository scanning in 76 ms. Found 1 JPA repository interface.
2024-08-14T08:15:31.940+03:00  INFO 24588 --- [Spring-Kotlin-DistributedLock] [main] .s.d.r.c.RepositoryConfigurationDelegate : Multiple Spring Data modules found, entering strict repository configuration mode
2024-08-14T08:15:31.940+03:00  INFO 24588 --- [Spring-Kotlin-DistributedLock] [main] .s.d.r.c.RepositoryConfigurationDelegate : Bootstrapping Spring Data Redis repositories in DEFAULT mode.
2024-08-14T08:15:31.948+03:00  INFO 24588 --- [Spring-Kotlin-DistributedLock] [main] .RepositoryConfigurationExtensionSupport : Spring Data Redis - Could not safely identify store assignment for repository candidate interface com.github.senocak.skdl.LockTableRepository; If you want this repository to be a Redis repository, consider annotating your entities with one of these annotations: org.springframework.data.redis.core.RedisHash (preferred), or consider extending one of the following types with your repository: org.springframework.data.keyvalue.repository.KeyValueRepository
2024-08-14T08:15:31.949+03:00  INFO 24588 --- [Spring-Kotlin-DistributedLock] [main] .s.d.r.c.RepositoryConfigurationDelegate : Finished Spring Data repository scanning in 2 ms. Found 0 Redis repository interfaces.
2024-08-14T08:15:32.012+03:00  INFO 24588 --- [Spring-Kotlin-DistributedLock] [main] faultConfiguringBeanFactoryPostProcessor : No bean named 'errorChannel' has been explicitly defined. Therefore, a default PublishSubscribeChannel will be created.
2024-08-14T08:15:32.018+03:00  INFO 24588 --- [Spring-Kotlin-DistributedLock] [main] faultConfiguringBeanFactoryPostProcessor : No bean named 'integrationHeaderChannelRegistry' has been explicitly defined. Therefore, a default DefaultHeaderChannelRegistry will be created.
2024-08-14T08:15:32.302+03:00  INFO 24588 --- [Spring-Kotlin-DistributedLock] [main] o.s.b.w.embedded.tomcat.TomcatWebServer  : Tomcat initialized with port 8099 (http)
2024-08-14T08:15:32.309+03:00  INFO 24588 --- [Spring-Kotlin-DistributedLock] [main] o.apache.catalina.core.StandardService   : Starting service [Tomcat]
2024-08-14T08:15:32.309+03:00  INFO 24588 --- [Spring-Kotlin-DistributedLock] [main] o.apache.catalina.core.StandardEngine    : Starting Servlet engine: [Apache Tomcat/10.1.26]
2024-08-14T08:15:32.343+03:00  INFO 24588 --- [Spring-Kotlin-DistributedLock] [main] o.a.c.c.C.[Tomcat].[localhost].[/]       : Initializing Spring embedded WebApplicationContext
2024-08-14T08:15:32.344+03:00  INFO 24588 --- [Spring-Kotlin-DistributedLock] [main] w.s.c.ServletWebServerApplicationContext : Root WebApplicationContext: initialization completed in 936 ms
2024-08-14T08:15:32.395+03:00  INFO 24588 --- [Spring-Kotlin-DistributedLock] [main] com.zaxxer.hikari.HikariDataSource       : HikariPool-1 - Starting...
2024-08-14T08:15:32.520+03:00  INFO 24588 --- [Spring-Kotlin-DistributedLock] [main] com.zaxxer.hikari.pool.HikariPool        : HikariPool-1 - Added connection org.postgresql.jdbc.PgConnection@6c8f4bc7
2024-08-14T08:15:32.521+03:00  INFO 24588 --- [Spring-Kotlin-DistributedLock] [main] com.zaxxer.hikari.HikariDataSource       : HikariPool-1 - Start completed.
2024-08-14T08:15:32.583+03:00  INFO 24588 --- [Spring-Kotlin-DistributedLock] [main] o.hibernate.jpa.internal.util.LogHelper  : HHH000204: Processing PersistenceUnitInfo [name: default]
2024-08-14T08:15:32.619+03:00  INFO 24588 --- [Spring-Kotlin-DistributedLock] [main] org.hibernate.Version                    : HHH000412: Hibernate ORM core version 6.5.2.Final
2024-08-14T08:15:32.641+03:00  INFO 24588 --- [Spring-Kotlin-DistributedLock] [main] o.h.c.internal.RegionFactoryInitiator    : HHH000026: Second-level cache disabled
2024-08-14T08:15:32.838+03:00  INFO 24588 --- [Spring-Kotlin-DistributedLock] [main] o.s.o.j.p.SpringPersistenceUnitInfo      : No LoadTimeWeaver setup: ignoring JPA class transformer
2024-08-14T08:15:33.310+03:00  INFO 24588 --- [Spring-Kotlin-DistributedLock] [main] o.h.e.t.j.p.i.JtaPlatformInitiator       : HHH000489: No JTA platform available (set 'hibernate.transaction.jta.platform' to enable JTA platform integration)
2024-08-14T08:15:33.374+03:00  INFO 24588 --- [Spring-Kotlin-DistributedLock] [main] j.LocalContainerEntityManagerFactoryBean : Initialized JPA EntityManagerFactory for persistence unit 'default'
2024-08-14T08:15:33.785+03:00  WARN 24588 --- [Spring-Kotlin-DistributedLock] [main] JpaBaseConfiguration$JpaWebConfiguration : spring.jpa.open-in-view is enabled by default. Therefore, database queries may be performed during view rendering. Explicitly configure spring.jpa.open-in-view to disable this warning
2024-08-14T08:15:34.100+03:00  INFO 24588 --- [Spring-Kotlin-DistributedLock] [main] o.s.i.endpoint.EventDrivenConsumer       : Adding {logging-channel-adapter:_org.springframework.integration.errorLogger} as a subscriber to the 'errorChannel' channel
2024-08-14T08:15:34.100+03:00  INFO 24588 --- [Spring-Kotlin-DistributedLock] [main] o.s.i.channel.PublishSubscribeChannel    : Channel 'Spring-Kotlin-DistributedLock.errorChannel' has 1 subscriber(s).
2024-08-14T08:15:34.100+03:00  INFO 24588 --- [Spring-Kotlin-DistributedLock] [main] o.s.i.endpoint.EventDrivenConsumer       : started bean '_org.springframework.integration.errorLogger'
2024-08-14T08:15:34.109+03:00  INFO 24588 --- [Spring-Kotlin-DistributedLock] [main] o.s.b.w.embedded.tomcat.TomcatWebServer  : Tomcat started on port 8099 (http) with context path '/'
2024-08-14T08:15:34.123+03:00  INFO 24588 --- [Spring-Kotlin-DistributedLock] [main] SpringKotlinDistributedLockApplicationKt : Started SpringKotlinDistributedLockApplicationKt in 3.002 seconds (process running for 3.965)
2024-08-14T08:15:34.239+03:00  INFO 24588 --- [Spring-Kotlin-DistributedLock] [main] com.github.senocak.skdl.LockService      : DB populating is completed...
2024-08-14T08:15:50.892+03:00  INFO 24588 --- [Spring-Kotlin-DistributedLock] [http-nio-8099-exec-1] o.a.c.c.C.[Tomcat].[localhost].[/]       : Initializing Spring DispatcherServlet 'dispatcherServlet'
2024-08-14T08:15:50.952+03:00  INFO 24588 --- [Spring-Kotlin-DistributedLock] [http-nio-8099-exec-1] com.github.senocak.skdl.LockController   : isAcquired: false
2024-08-14T08:15:50.970+03:00  INFO 24588 --- [Spring-Kotlin-DistributedLock] [http-nio-8099-exec-1] com.github.senocak.skdl.LockService      : [1]Amount is incremented for anil1
2024-08-14T08:16:00.981+03:00  INFO 24588 --- [Spring-Kotlin-DistributedLock] [http-nio-8099-exec-1] com.github.senocak.skdl.LockController   : Waited 10sec
2024-08-14T08:16:01.052+03:00  INFO 24588 --- [Spring-Kotlin-DistributedLock] [http-nio-8099-exec-2] com.github.senocak.skdl.LockController   : isAcquired: false
2024-08-14T08:16:01.056+03:00  INFO 24588 --- [Spring-Kotlin-DistributedLock] [http-nio-8099-exec-2] com.github.senocak.skdl.LockService      : [2]Amount is incremented for anil1
2024-08-14T08:16:11.065+03:00  INFO 24588 --- [Spring-Kotlin-DistributedLock] [http-nio-8099-exec-2] com.github.senocak.skdl.LockController   : Waited 10sec
2024-08-14T08:16:50.001+03:00  INFO 24588 --- [Spring-Kotlin-DistributedLock] [http-nio-8099-exec-5] com.github.senocak.skdl.LockController   : isAcquired: false
2024-08-14T08:16:50.008+03:00  INFO 24588 --- [Spring-Kotlin-DistributedLock] [http-nio-8099-exec-5] com.github.senocak.skdl.LockService      : [3]Amount is incremented for anil1
2024-08-14T08:17:00.020+03:00  INFO 24588 --- [Spring-Kotlin-DistributedLock] [http-nio-8099-exec-5] com.github.senocak.skdl.LockController   : Waited 10sec
2024-08-14T08:17:00.063+03:00  INFO 24588 --- [Spring-Kotlin-DistributedLock] [http-nio-8099-exec-6] com.github.senocak.skdl.LockController   : isAcquired: false
2024-08-14T08:17:00.066+03:00  INFO 24588 --- [Spring-Kotlin-DistributedLock] [http-nio-8099-exec-6] com.github.senocak.skdl.LockService      : [4]Amount is incremented for anil1
2024-08-14T08:17:06.195+03:00  INFO 24588 --- [Spring-Kotlin-DistributedLock] [SpringApplicationShutdownHook] o.s.i.endpoint.EventDrivenConsumer       : Removing {logging-channel-adapter:_org.springframework.integration.errorLogger} as a subscriber to the 'errorChannel' channel
2024-08-14T08:17:06.197+03:00  INFO 24588 --- [Spring-Kotlin-DistributedLock] [SpringApplicationShutdownHook] o.s.i.channel.PublishSubscribeChannel    : Channel 'Spring-Kotlin-DistributedLock.errorChannel' has 0 subscriber(s).
2024-08-14T08:17:06.197+03:00  INFO 24588 --- [Spring-Kotlin-DistributedLock] [SpringApplicationShutdownHook] o.s.i.endpoint.EventDrivenConsumer       : stopped bean '_org.springframework.integration.errorLogger'
2024-08-14T08:17:06.215+03:00  INFO 24588 --- [Spring-Kotlin-DistributedLock] [SpringApplicationShutdownHook] j.LocalContainerEntityManagerFactoryBean : Closing JPA EntityManagerFactory for persistence unit 'default'
2024-08-14T08:17:06.218+03:00  INFO 24588 --- [Spring-Kotlin-DistributedLock] [SpringApplicationShutdownHook] com.zaxxer.hikari.HikariDataSource       : HikariPool-1 - Shutdown initiated...
2024-08-14T08:17:09.170+03:00  INFO 24991 --- [Spring-Kotlin-DistributedLock] [main] SpringKotlinDistributedLockApplicationKt : Starting SpringKotlinDistributedLockApplicationKt using Java 17.0.10 with PID 24991 (/Users/tcasenocak/Desktop/github/Spring-Kotlin-DistributedLock/build/classes/kotlin/main started by tcasenocak in /Users/tcasenocak/Desktop/github/Spring-Kotlin-DistributedLock)
2024-08-14T08:17:09.171+03:00  INFO 24991 --- [Spring-Kotlin-DistributedLock] [main] SpringKotlinDistributedLockApplicationKt : No active profile set, falling back to 1 default profile: "default"
2024-08-14T08:17:09.582+03:00  INFO 24991 --- [Spring-Kotlin-DistributedLock] [main] .s.d.r.c.RepositoryConfigurationDelegate : Multiple Spring Data modules found, entering strict repository configuration mode
2024-08-14T08:17:09.583+03:00  INFO 24991 --- [Spring-Kotlin-DistributedLock] [main] .s.d.r.c.RepositoryConfigurationDelegate : Bootstrapping Spring Data JPA repositories in DEFAULT mode.
2024-08-14T08:17:09.667+03:00  INFO 24991 --- [Spring-Kotlin-DistributedLock] [main] .s.d.r.c.RepositoryConfigurationDelegate : Finished Spring Data repository scanning in 80 ms. Found 1 JPA repository interface.
2024-08-14T08:17:09.676+03:00  INFO 24991 --- [Spring-Kotlin-DistributedLock] [main] .s.d.r.c.RepositoryConfigurationDelegate : Multiple Spring Data modules found, entering strict repository configuration mode
2024-08-14T08:17:09.677+03:00  INFO 24991 --- [Spring-Kotlin-DistributedLock] [main] .s.d.r.c.RepositoryConfigurationDelegate : Bootstrapping Spring Data Redis repositories in DEFAULT mode.
2024-08-14T08:17:09.686+03:00  INFO 24991 --- [Spring-Kotlin-DistributedLock] [main] .RepositoryConfigurationExtensionSupport : Spring Data Redis - Could not safely identify store assignment for repository candidate interface com.github.senocak.skdl.LockTableRepository; If you want this repository to be a Redis repository, consider annotating your entities with one of these annotations: org.springframework.data.redis.core.RedisHash (preferred), or consider extending one of the following types with your repository: org.springframework.data.keyvalue.repository.KeyValueRepository
2024-08-14T08:17:09.686+03:00  INFO 24991 --- [Spring-Kotlin-DistributedLock] [main] .s.d.r.c.RepositoryConfigurationDelegate : Finished Spring Data repository scanning in 4 ms. Found 0 Redis repository interfaces.
2024-08-14T08:17:09.743+03:00  INFO 24991 --- [Spring-Kotlin-DistributedLock] [main] faultConfiguringBeanFactoryPostProcessor : No bean named 'errorChannel' has been explicitly defined. Therefore, a default PublishSubscribeChannel will be created.
2024-08-14T08:17:09.748+03:00  INFO 24991 --- [Spring-Kotlin-DistributedLock] [main] faultConfiguringBeanFactoryPostProcessor : No bean named 'integrationHeaderChannelRegistry' has been explicitly defined. Therefore, a default DefaultHeaderChannelRegistry will be created.
2024-08-14T08:17:10.023+03:00  INFO 24991 --- [Spring-Kotlin-DistributedLock] [main] o.s.b.w.embedded.tomcat.TomcatWebServer  : Tomcat initialized with port 8099 (http)
2024-08-14T08:17:10.028+03:00  INFO 24991 --- [Spring-Kotlin-DistributedLock] [main] o.apache.catalina.core.StandardService   : Starting service [Tomcat]
2024-08-14T08:17:10.029+03:00  INFO 24991 --- [Spring-Kotlin-DistributedLock] [main] o.apache.catalina.core.StandardEngine    : Starting Servlet engine: [Apache Tomcat/10.1.26]
2024-08-14T08:17:10.054+03:00  INFO 24991 --- [Spring-Kotlin-DistributedLock] [main] o.a.c.c.C.[Tomcat].[localhost].[/]       : Initializing Spring embedded WebApplicationContext
2024-08-14T08:17:10.055+03:00  INFO 24991 --- [Spring-Kotlin-DistributedLock] [main] w.s.c.ServletWebServerApplicationContext : Root WebApplicationContext: initialization completed in 863 ms
2024-08-14T08:17:10.098+03:00  INFO 24991 --- [Spring-Kotlin-DistributedLock] [main] com.zaxxer.hikari.HikariDataSource       : HikariPool-1 - Starting...
2024-08-14T08:17:10.198+03:00  INFO 24991 --- [Spring-Kotlin-DistributedLock] [main] com.zaxxer.hikari.pool.HikariPool        : HikariPool-1 - Added connection org.postgresql.jdbc.PgConnection@7f42b194
2024-08-14T08:17:10.199+03:00  INFO 24991 --- [Spring-Kotlin-DistributedLock] [main] com.zaxxer.hikari.HikariDataSource       : HikariPool-1 - Start completed.
2024-08-14T08:17:10.249+03:00  INFO 24991 --- [Spring-Kotlin-DistributedLock] [main] o.hibernate.jpa.internal.util.LogHelper  : HHH000204: Processing PersistenceUnitInfo [name: default]
2024-08-14T08:17:10.279+03:00  INFO 24991 --- [Spring-Kotlin-DistributedLock] [main] org.hibernate.Version                    : HHH000412: Hibernate ORM core version 6.5.2.Final
2024-08-14T08:17:10.296+03:00  INFO 24991 --- [Spring-Kotlin-DistributedLock] [main] o.h.c.internal.RegionFactoryInitiator    : HHH000026: Second-level cache disabled
2024-08-14T08:17:10.469+03:00  INFO 24991 --- [Spring-Kotlin-DistributedLock] [main] o.s.o.j.p.SpringPersistenceUnitInfo      : No LoadTimeWeaver setup: ignoring JPA class transformer
2024-08-14T08:17:10.897+03:00  INFO 24991 --- [Spring-Kotlin-DistributedLock] [main] o.h.e.t.j.p.i.JtaPlatformInitiator       : HHH000489: No JTA platform available (set 'hibernate.transaction.jta.platform' to enable JTA platform integration)
2024-08-14T08:17:10.956+03:00  INFO 24991 --- [Spring-Kotlin-DistributedLock] [main] j.LocalContainerEntityManagerFactoryBean : Initialized JPA EntityManagerFactory for persistence unit 'default'
2024-08-14T08:17:11.344+03:00  WARN 24991 --- [Spring-Kotlin-DistributedLock] [main] JpaBaseConfiguration$JpaWebConfiguration : spring.jpa.open-in-view is enabled by default. Therefore, database queries may be performed during view rendering. Explicitly configure spring.jpa.open-in-view to disable this warning
2024-08-14T08:17:11.658+03:00  INFO 24991 --- [Spring-Kotlin-DistributedLock] [main] o.s.i.endpoint.EventDrivenConsumer       : Adding {logging-channel-adapter:_org.springframework.integration.errorLogger} as a subscriber to the 'errorChannel' channel
2024-08-14T08:17:11.658+03:00  INFO 24991 --- [Spring-Kotlin-DistributedLock] [main] o.s.i.channel.PublishSubscribeChannel    : Channel 'Spring-Kotlin-DistributedLock.errorChannel' has 1 subscriber(s).
2024-08-14T08:17:11.658+03:00  INFO 24991 --- [Spring-Kotlin-DistributedLock] [main] o.s.i.endpoint.EventDrivenConsumer       : started bean '_org.springframework.integration.errorLogger'
2024-08-14T08:17:11.667+03:00  INFO 24991 --- [Spring-Kotlin-DistributedLock] [main] o.s.b.w.embedded.tomcat.TomcatWebServer  : Tomcat started on port 8099 (http) with context path '/'
2024-08-14T08:17:11.679+03:00  INFO 24991 --- [Spring-Kotlin-DistributedLock] [main] SpringKotlinDistributedLockApplicationKt : Started SpringKotlinDistributedLockApplicationKt in 2.745 seconds (process running for 3.195)
2024-08-14T08:17:11.793+03:00  INFO 24991 --- [Spring-Kotlin-DistributedLock] [main] com.github.senocak.skdl.LockService      : DB populating is completed...
2024-08-14T08:17:16.751+03:00  INFO 24991 --- [Spring-Kotlin-DistributedLock] [http-nio-8099-exec-1] o.a.c.c.C.[Tomcat].[localhost].[/]       : Initializing Spring DispatcherServlet 'dispatcherServlet'
2024-08-14T08:17:16.801+03:00  INFO 24991 --- [Spring-Kotlin-DistributedLock] [http-nio-8099-exec-1] com.github.senocak.skdl.LockController   : isAcquired: false
2024-08-14T08:17:16.816+03:00  INFO 24991 --- [Spring-Kotlin-DistributedLock] [http-nio-8099-exec-1] com.github.senocak.skdl.LockService      : [1]Amount is incremented for anil1
2024-08-14T08:17:18.210+03:00  INFO 24991 --- [Spring-Kotlin-DistributedLock] [http-nio-8099-exec-2] com.github.senocak.skdl.LockController   : isAcquired: false
2024-08-14T08:17:18.210+03:00 ERROR 24991 --- [Spring-Kotlin-DistributedLock] [http-nio-8099-exec-2] com.github.senocak.skdl.LockController   : Lock is not available
2024-08-14T08:17:26.835+03:00  INFO 24991 --- [Spring-Kotlin-DistributedLock] [http-nio-8099-exec-1] com.github.senocak.skdl.LockController   : Waited 10sec
2024-08-14T08:17:30.140+03:00  INFO 24991 --- [Spring-Kotlin-DistributedLock] [SpringApplicationShutdownHook] o.s.i.endpoint.EventDrivenConsumer       : Removing {logging-channel-adapter:_org.springframework.integration.errorLogger} as a subscriber to the 'errorChannel' channel
2024-08-14T08:17:30.140+03:00  INFO 24991 --- [Spring-Kotlin-DistributedLock] [SpringApplicationShutdownHook] o.s.i.channel.PublishSubscribeChannel    : Channel 'Spring-Kotlin-DistributedLock.errorChannel' has 0 subscriber(s).
2024-08-14T08:17:30.140+03:00  INFO 24991 --- [Spring-Kotlin-DistributedLock] [SpringApplicationShutdownHook] o.s.i.endpoint.EventDrivenConsumer       : stopped bean '_org.springframework.integration.errorLogger'
2024-08-14T08:17:30.150+03:00  INFO 24991 --- [Spring-Kotlin-DistributedLock] [SpringApplicationShutdownHook] j.LocalContainerEntityManagerFactoryBean : Closing JPA EntityManagerFactory for persistence unit 'default'
2024-08-14T08:17:30.153+03:00  INFO 24991 --- [Spring-Kotlin-DistributedLock] [SpringApplicationShutdownHook] com.zaxxer.hikari.HikariDataSource       : HikariPool-1 - Shutdown initiated...
2024-08-14T08:17:30.155+03:00  INFO 24991 --- [Spring-Kotlin-DistributedLock] [SpringApplicationShutdownHook] com.zaxxer.hikari.HikariDataSource       : HikariPool-1 - Shutdown completed.
2024-08-14T08:17:33.152+03:00  INFO 25014 --- [Spring-Kotlin-DistributedLock] [main] SpringKotlinDistributedLockApplicationKt : Starting SpringKotlinDistributedLockApplicationKt using Java 17.0.10 with PID 25014 (/Users/tcasenocak/Desktop/github/Spring-Kotlin-DistributedLock/build/classes/kotlin/main started by tcasenocak in /Users/tcasenocak/Desktop/github/Spring-Kotlin-DistributedLock)
2024-08-14T08:17:33.153+03:00  INFO 25014 --- [Spring-Kotlin-DistributedLock] [main] SpringKotlinDistributedLockApplicationKt : No active profile set, falling back to 1 default profile: "default"
2024-08-14T08:17:33.536+03:00  INFO 25014 --- [Spring-Kotlin-DistributedLock] [main] .s.d.r.c.RepositoryConfigurationDelegate : Multiple Spring Data modules found, entering strict repository configuration mode
2024-08-14T08:17:33.537+03:00  INFO 25014 --- [Spring-Kotlin-DistributedLock] [main] .s.d.r.c.RepositoryConfigurationDelegate : Bootstrapping Spring Data JPA repositories in DEFAULT mode.
2024-08-14T08:17:33.620+03:00  INFO 25014 --- [Spring-Kotlin-DistributedLock] [main] .s.d.r.c.RepositoryConfigurationDelegate : Finished Spring Data repository scanning in 79 ms. Found 1 JPA repository interface.
2024-08-14T08:17:33.630+03:00  INFO 25014 --- [Spring-Kotlin-DistributedLock] [main] .s.d.r.c.RepositoryConfigurationDelegate : Multiple Spring Data modules found, entering strict repository configuration mode
2024-08-14T08:17:33.631+03:00  INFO 25014 --- [Spring-Kotlin-DistributedLock] [main] .s.d.r.c.RepositoryConfigurationDelegate : Bootstrapping Spring Data Redis repositories in DEFAULT mode.
2024-08-14T08:17:33.643+03:00  INFO 25014 --- [Spring-Kotlin-DistributedLock] [main] .RepositoryConfigurationExtensionSupport : Spring Data Redis - Could not safely identify store assignment for repository candidate interface com.github.senocak.skdl.LockTableRepository; If you want this repository to be a Redis repository, consider annotating your entities with one of these annotations: org.springframework.data.redis.core.RedisHash (preferred), or consider extending one of the following types with your repository: org.springframework.data.keyvalue.repository.KeyValueRepository
2024-08-14T08:17:33.643+03:00  INFO 25014 --- [Spring-Kotlin-DistributedLock] [main] .s.d.r.c.RepositoryConfigurationDelegate : Finished Spring Data repository scanning in 7 ms. Found 0 Redis repository interfaces.
2024-08-14T08:17:33.702+03:00  INFO 25014 --- [Spring-Kotlin-DistributedLock] [main] faultConfiguringBeanFactoryPostProcessor : No bean named 'errorChannel' has been explicitly defined. Therefore, a default PublishSubscribeChannel will be created.
2024-08-14T08:17:33.706+03:00  INFO 25014 --- [Spring-Kotlin-DistributedLock] [main] faultConfiguringBeanFactoryPostProcessor : No bean named 'integrationHeaderChannelRegistry' has been explicitly defined. Therefore, a default DefaultHeaderChannelRegistry will be created.
2024-08-14T08:17:33.972+03:00  INFO 25014 --- [Spring-Kotlin-DistributedLock] [main] o.s.b.w.embedded.tomcat.TomcatWebServer  : Tomcat initialized with port 8099 (http)
2024-08-14T08:17:33.979+03:00  INFO 25014 --- [Spring-Kotlin-DistributedLock] [main] o.apache.catalina.core.StandardService   : Starting service [Tomcat]
2024-08-14T08:17:33.979+03:00  INFO 25014 --- [Spring-Kotlin-DistributedLock] [main] o.apache.catalina.core.StandardEngine    : Starting Servlet engine: [Apache Tomcat/10.1.26]
2024-08-14T08:17:34.007+03:00  INFO 25014 --- [Spring-Kotlin-DistributedLock] [main] o.a.c.c.C.[Tomcat].[localhost].[/]       : Initializing Spring embedded WebApplicationContext
2024-08-14T08:17:34.007+03:00  INFO 25014 --- [Spring-Kotlin-DistributedLock] [main] w.s.c.ServletWebServerApplicationContext : Root WebApplicationContext: initialization completed in 832 ms
2024-08-14T08:17:34.055+03:00  INFO 25014 --- [Spring-Kotlin-DistributedLock] [main] com.zaxxer.hikari.HikariDataSource       : HikariPool-1 - Starting...
2024-08-14T08:17:34.162+03:00  INFO 25014 --- [Spring-Kotlin-DistributedLock] [main] com.zaxxer.hikari.pool.HikariPool        : HikariPool-1 - Added connection org.postgresql.jdbc.PgConnection@5db0003d
2024-08-14T08:17:34.163+03:00  INFO 25014 --- [Spring-Kotlin-DistributedLock] [main] com.zaxxer.hikari.HikariDataSource       : HikariPool-1 - Start completed.
2024-08-14T08:17:34.215+03:00  INFO 25014 --- [Spring-Kotlin-DistributedLock] [main] o.hibernate.jpa.internal.util.LogHelper  : HHH000204: Processing PersistenceUnitInfo [name: default]
2024-08-14T08:17:34.244+03:00  INFO 25014 --- [Spring-Kotlin-DistributedLock] [main] org.hibernate.Version                    : HHH000412: Hibernate ORM core version 6.5.2.Final
2024-08-14T08:17:34.264+03:00  INFO 25014 --- [Spring-Kotlin-DistributedLock] [main] o.h.c.internal.RegionFactoryInitiator    : HHH000026: Second-level cache disabled
2024-08-14T08:17:34.426+03:00  INFO 25014 --- [Spring-Kotlin-DistributedLock] [main] o.s.o.j.p.SpringPersistenceUnitInfo      : No LoadTimeWeaver setup: ignoring JPA class transformer
2024-08-14T08:17:34.870+03:00  INFO 25014 --- [Spring-Kotlin-DistributedLock] [main] o.h.e.t.j.p.i.JtaPlatformInitiator       : HHH000489: No JTA platform available (set 'hibernate.transaction.jta.platform' to enable JTA platform integration)
2024-08-14T08:17:34.913+03:00  INFO 25014 --- [Spring-Kotlin-DistributedLock] [main] j.LocalContainerEntityManagerFactoryBean : Initialized JPA EntityManagerFactory for persistence unit 'default'
2024-08-14T08:17:35.354+03:00  WARN 25014 --- [Spring-Kotlin-DistributedLock] [main] JpaBaseConfiguration$JpaWebConfiguration : spring.jpa.open-in-view is enabled by default. Therefore, database queries may be performed during view rendering. Explicitly configure spring.jpa.open-in-view to disable this warning
2024-08-14T08:17:35.685+03:00  INFO 25014 --- [Spring-Kotlin-DistributedLock] [main] o.s.i.endpoint.EventDrivenConsumer       : Adding {logging-channel-adapter:_org.springframework.integration.errorLogger} as a subscriber to the 'errorChannel' channel
2024-08-14T08:17:35.686+03:00  INFO 25014 --- [Spring-Kotlin-DistributedLock] [main] o.s.i.channel.PublishSubscribeChannel    : Channel 'Spring-Kotlin-DistributedLock.errorChannel' has 1 subscriber(s).
2024-08-14T08:17:35.686+03:00  INFO 25014 --- [Spring-Kotlin-DistributedLock] [main] o.s.i.endpoint.EventDrivenConsumer       : started bean '_org.springframework.integration.errorLogger'
2024-08-14T08:17:35.694+03:00  INFO 25014 --- [Spring-Kotlin-DistributedLock] [main] o.s.b.w.embedded.tomcat.TomcatWebServer  : Tomcat started on port 8099 (http) with context path '/'
2024-08-14T08:17:35.708+03:00  INFO 25014 --- [Spring-Kotlin-DistributedLock] [main] SpringKotlinDistributedLockApplicationKt : Started SpringKotlinDistributedLockApplicationKt in 2.765 seconds (process running for 3.17)
2024-08-14T08:17:35.841+03:00  INFO 25014 --- [Spring-Kotlin-DistributedLock] [main] com.github.senocak.skdl.LockService      : DB populating is completed...
2024-08-14T08:17:39.516+03:00  INFO 25014 --- [Spring-Kotlin-DistributedLock] [http-nio-8099-exec-1] o.a.c.c.C.[Tomcat].[localhost].[/]       : Initializing Spring DispatcherServlet 'dispatcherServlet'
2024-08-14T08:17:39.567+03:00  INFO 25014 --- [Spring-Kotlin-DistributedLock] [http-nio-8099-exec-1] com.github.senocak.skdl.LockController   : isAcquired: false
2024-08-14T08:17:39.581+03:00  INFO 25014 --- [Spring-Kotlin-DistributedLock] [http-nio-8099-exec-1] com.github.senocak.skdl.LockService      : [1]Amount is incremented for anil1
2024-08-14T08:17:45.894+03:00  INFO 25014 --- [Spring-Kotlin-DistributedLock] [http-nio-8099-exec-2] com.github.senocak.skdl.LockController   : isAcquired: false
2024-08-14T08:17:45.895+03:00 ERROR 25014 --- [Spring-Kotlin-DistributedLock] [http-nio-8099-exec-2] com.github.senocak.skdl.LockController   : Lock is not available
2024-08-14T08:17:49.595+03:00  INFO 25014 --- [Spring-Kotlin-DistributedLock] [http-nio-8099-exec-1] com.github.senocak.skdl.LockController   : Waited 10sec
2024-08-14T08:18:27.647+03:00  INFO 25014 --- [Spring-Kotlin-DistributedLock] [SpringApplicationShutdownHook] o.s.i.endpoint.EventDrivenConsumer       : Removing {logging-channel-adapter:_org.springframework.integration.errorLogger} as a subscriber to the 'errorChannel' channel
2024-08-14T08:18:27.655+03:00  INFO 25014 --- [Spring-Kotlin-DistributedLock] [SpringApplicationShutdownHook] o.s.i.channel.PublishSubscribeChannel    : Channel 'Spring-Kotlin-DistributedLock.errorChannel' has 0 subscriber(s).
2024-08-14T08:18:27.657+03:00  INFO 25014 --- [Spring-Kotlin-DistributedLock] [SpringApplicationShutdownHook] o.s.i.endpoint.EventDrivenConsumer       : stopped bean '_org.springframework.integration.errorLogger'
2024-08-14T08:18:27.683+03:00  INFO 25014 --- [Spring-Kotlin-DistributedLock] [SpringApplicationShutdownHook] j.LocalContainerEntityManagerFactoryBean : Closing JPA EntityManagerFactory for persistence unit 'default'
2024-08-14T08:18:27.685+03:00  INFO 25014 --- [Spring-Kotlin-DistributedLock] [SpringApplicationShutdownHook] com.zaxxer.hikari.HikariDataSource       : HikariPool-1 - Shutdown initiated...
2024-08-14T08:18:27.687+03:00  INFO 25014 --- [Spring-Kotlin-DistributedLock] [SpringApplicationShutdownHook] com.zaxxer.hikari.HikariDataSource       : HikariPool-1 - Shutdown completed.
2024-08-14T08:18:30.746+03:00  INFO 25041 --- [Spring-Kotlin-DistributedLock] [main] SpringKotlinDistributedLockApplicationKt : Starting SpringKotlinDistributedLockApplicationKt using Java 17.0.10 with PID 25041 (/Users/tcasenocak/Desktop/github/Spring-Kotlin-DistributedLock/build/classes/kotlin/main started by tcasenocak in /Users/tcasenocak/Desktop/github/Spring-Kotlin-DistributedLock)
2024-08-14T08:18:30.747+03:00  INFO 25041 --- [Spring-Kotlin-DistributedLock] [main] SpringKotlinDistributedLockApplicationKt : No active profile set, falling back to 1 default profile: "default"
2024-08-14T08:18:31.148+03:00  INFO 25041 --- [Spring-Kotlin-DistributedLock] [main] .s.d.r.c.RepositoryConfigurationDelegate : Multiple Spring Data modules found, entering strict repository configuration mode
2024-08-14T08:18:31.149+03:00  INFO 25041 --- [Spring-Kotlin-DistributedLock] [main] .s.d.r.c.RepositoryConfigurationDelegate : Bootstrapping Spring Data JPA repositories in DEFAULT mode.
2024-08-14T08:18:31.229+03:00  INFO 25041 --- [Spring-Kotlin-DistributedLock] [main] .s.d.r.c.RepositoryConfigurationDelegate : Finished Spring Data repository scanning in 76 ms. Found 1 JPA repository interface.
2024-08-14T08:18:31.239+03:00  INFO 25041 --- [Spring-Kotlin-DistributedLock] [main] .s.d.r.c.RepositoryConfigurationDelegate : Multiple Spring Data modules found, entering strict repository configuration mode
2024-08-14T08:18:31.241+03:00  INFO 25041 --- [Spring-Kotlin-DistributedLock] [main] .s.d.r.c.RepositoryConfigurationDelegate : Bootstrapping Spring Data Redis repositories in DEFAULT mode.
2024-08-14T08:18:31.249+03:00  INFO 25041 --- [Spring-Kotlin-DistributedLock] [main] .RepositoryConfigurationExtensionSupport : Spring Data Redis - Could not safely identify store assignment for repository candidate interface com.github.senocak.skdl.LockTableRepository; If you want this repository to be a Redis repository, consider annotating your entities with one of these annotations: org.springframework.data.redis.core.RedisHash (preferred), or consider extending one of the following types with your repository: org.springframework.data.keyvalue.repository.KeyValueRepository
2024-08-14T08:18:31.249+03:00  INFO 25041 --- [Spring-Kotlin-DistributedLock] [main] .s.d.r.c.RepositoryConfigurationDelegate : Finished Spring Data repository scanning in 2 ms. Found 0 Redis repository interfaces.
2024-08-14T08:18:31.310+03:00  INFO 25041 --- [Spring-Kotlin-DistributedLock] [main] faultConfiguringBeanFactoryPostProcessor : No bean named 'errorChannel' has been explicitly defined. Therefore, a default PublishSubscribeChannel will be created.
2024-08-14T08:18:31.315+03:00  INFO 25041 --- [Spring-Kotlin-DistributedLock] [main] faultConfiguringBeanFactoryPostProcessor : No bean named 'integrationHeaderChannelRegistry' has been explicitly defined. Therefore, a default DefaultHeaderChannelRegistry will be created.
2024-08-14T08:18:31.569+03:00  INFO 25041 --- [Spring-Kotlin-DistributedLock] [main] o.s.b.w.embedded.tomcat.TomcatWebServer  : Tomcat initialized with port 8099 (http)
2024-08-14T08:18:31.575+03:00  INFO 25041 --- [Spring-Kotlin-DistributedLock] [main] o.apache.catalina.core.StandardService   : Starting service [Tomcat]
2024-08-14T08:18:31.576+03:00  INFO 25041 --- [Spring-Kotlin-DistributedLock] [main] o.apache.catalina.core.StandardEngine    : Starting Servlet engine: [Apache Tomcat/10.1.26]
2024-08-14T08:18:31.603+03:00  INFO 25041 --- [Spring-Kotlin-DistributedLock] [main] o.a.c.c.C.[Tomcat].[localhost].[/]       : Initializing Spring embedded WebApplicationContext
2024-08-14T08:18:31.603+03:00  INFO 25041 --- [Spring-Kotlin-DistributedLock] [main] w.s.c.ServletWebServerApplicationContext : Root WebApplicationContext: initialization completed in 834 ms
2024-08-14T08:18:31.649+03:00  INFO 25041 --- [Spring-Kotlin-DistributedLock] [main] com.zaxxer.hikari.HikariDataSource       : HikariPool-1 - Starting...
2024-08-14T08:18:31.789+03:00  INFO 25041 --- [Spring-Kotlin-DistributedLock] [main] com.zaxxer.hikari.pool.HikariPool        : HikariPool-1 - Added connection org.postgresql.jdbc.PgConnection@7f12094d
2024-08-14T08:18:31.793+03:00  INFO 25041 --- [Spring-Kotlin-DistributedLock] [main] com.zaxxer.hikari.HikariDataSource       : HikariPool-1 - Start completed.
2024-08-14T08:18:31.862+03:00  INFO 25041 --- [Spring-Kotlin-DistributedLock] [main] o.hibernate.jpa.internal.util.LogHelper  : HHH000204: Processing PersistenceUnitInfo [name: default]
2024-08-14T08:18:31.895+03:00  INFO 25041 --- [Spring-Kotlin-DistributedLock] [main] org.hibernate.Version                    : HHH000412: Hibernate ORM core version 6.5.2.Final
2024-08-14T08:18:31.913+03:00  INFO 25041 --- [Spring-Kotlin-DistributedLock] [main] o.h.c.internal.RegionFactoryInitiator    : HHH000026: Second-level cache disabled
2024-08-14T08:18:32.088+03:00  INFO 25041 --- [Spring-Kotlin-DistributedLock] [main] o.s.o.j.p.SpringPersistenceUnitInfo      : No LoadTimeWeaver setup: ignoring JPA class transformer
2024-08-14T08:18:32.550+03:00  INFO 25041 --- [Spring-Kotlin-DistributedLock] [main] o.h.e.t.j.p.i.JtaPlatformInitiator       : HHH000489: No JTA platform available (set 'hibernate.transaction.jta.platform' to enable JTA platform integration)
2024-08-14T08:18:32.616+03:00  INFO 25041 --- [Spring-Kotlin-DistributedLock] [main] j.LocalContainerEntityManagerFactoryBean : Initialized JPA EntityManagerFactory for persistence unit 'default'
2024-08-14T08:18:33.062+03:00  WARN 25041 --- [Spring-Kotlin-DistributedLock] [main] JpaBaseConfiguration$JpaWebConfiguration : spring.jpa.open-in-view is enabled by default. Therefore, database queries may be performed during view rendering. Explicitly configure spring.jpa.open-in-view to disable this warning
2024-08-14T08:18:33.413+03:00  INFO 25041 --- [Spring-Kotlin-DistributedLock] [main] o.s.i.endpoint.EventDrivenConsumer       : Adding {logging-channel-adapter:_org.springframework.integration.errorLogger} as a subscriber to the 'errorChannel' channel
2024-08-14T08:18:33.414+03:00  INFO 25041 --- [Spring-Kotlin-DistributedLock] [main] o.s.i.channel.PublishSubscribeChannel    : Channel 'Spring-Kotlin-DistributedLock.errorChannel' has 1 subscriber(s).
2024-08-14T08:18:33.414+03:00  INFO 25041 --- [Spring-Kotlin-DistributedLock] [main] o.s.i.endpoint.EventDrivenConsumer       : started bean '_org.springframework.integration.errorLogger'
2024-08-14T08:18:33.423+03:00  INFO 25041 --- [Spring-Kotlin-DistributedLock] [main] o.s.b.w.embedded.tomcat.TomcatWebServer  : Tomcat started on port 8099 (http) with context path '/'
2024-08-14T08:18:33.434+03:00  INFO 25041 --- [Spring-Kotlin-DistributedLock] [main] SpringKotlinDistributedLockApplicationKt : Started SpringKotlinDistributedLockApplicationKt in 2.896 seconds (process running for 3.359)
2024-08-14T08:18:33.551+03:00  INFO 25041 --- [Spring-Kotlin-DistributedLock] [main] com.github.senocak.skdl.LockService      : DB populating is completed...
2024-08-14T08:18:35.820+03:00  INFO 25041 --- [Spring-Kotlin-DistributedLock] [http-nio-8099-exec-1] o.a.c.c.C.[Tomcat].[localhost].[/]       : Initializing Spring DispatcherServlet 'dispatcherServlet'
2024-08-14T08:18:35.860+03:00  INFO 25041 --- [Spring-Kotlin-DistributedLock] [http-nio-8099-exec-1] com.github.senocak.skdl.LockController   : isAcquired: false
2024-08-14T08:18:35.875+03:00  INFO 25041 --- [Spring-Kotlin-DistributedLock] [http-nio-8099-exec-1] com.github.senocak.skdl.LockService      : [1]Amount is incremented for anil1
2024-08-14T08:18:42.230+03:00 ERROR 25041 --- [Spring-Kotlin-DistributedLock] [http-nio-8099-exec-2] com.github.senocak.skdl.LockController   : Lock is not available
2024-08-14T08:18:45.884+03:00  INFO 25041 --- [Spring-Kotlin-DistributedLock] [http-nio-8099-exec-1] com.github.senocak.skdl.LockController   : Waited 10sec
2024-08-14T08:19:04.476+03:00  INFO 25041 --- [Spring-Kotlin-DistributedLock] [SpringApplicationShutdownHook] o.s.i.endpoint.EventDrivenConsumer       : Removing {logging-channel-adapter:_org.springframework.integration.errorLogger} as a subscriber to the 'errorChannel' channel
2024-08-14T08:19:04.477+03:00  INFO 25041 --- [Spring-Kotlin-DistributedLock] [SpringApplicationShutdownHook] o.s.i.channel.PublishSubscribeChannel    : Channel 'Spring-Kotlin-DistributedLock.errorChannel' has 0 subscriber(s).
2024-08-14T08:19:04.477+03:00  INFO 25041 --- [Spring-Kotlin-DistributedLock] [SpringApplicationShutdownHook] o.s.i.endpoint.EventDrivenConsumer       : stopped bean '_org.springframework.integration.errorLogger'
2024-08-14T08:19:04.490+03:00  INFO 25041 --- [Spring-Kotlin-DistributedLock] [SpringApplicationShutdownHook] j.LocalContainerEntityManagerFactoryBean : Closing JPA EntityManagerFactory for persistence unit 'default'
2024-08-14T08:19:04.493+03:00  INFO 25041 --- [Spring-Kotlin-DistributedLock] [SpringApplicationShutdownHook] com.zaxxer.hikari.HikariDataSource       : HikariPool-1 - Shutdown initiated...
2024-08-14T08:19:04.494+03:00  INFO 25041 --- [Spring-Kotlin-DistributedLock] [SpringApplicationShutdownHook] com.zaxxer.hikari.HikariDataSource       : HikariPool-1 - Shutdown completed.
2024-08-14T08:19:07.825+03:00  INFO 25069 --- [Spring-Kotlin-DistributedLock] [main] SpringKotlinDistributedLockApplicationKt : Starting SpringKotlinDistributedLockApplicationKt using Java 17.0.10 with PID 25069 (/Users/tcasenocak/Desktop/github/Spring-Kotlin-DistributedLock/build/classes/kotlin/main started by tcasenocak in /Users/tcasenocak/Desktop/github/Spring-Kotlin-DistributedLock)
2024-08-14T08:19:07.827+03:00  INFO 25069 --- [Spring-Kotlin-DistributedLock] [main] SpringKotlinDistributedLockApplicationKt : No active profile set, falling back to 1 default profile: "default"
2024-08-14T08:19:08.473+03:00  INFO 25069 --- [Spring-Kotlin-DistributedLock] [main] .s.d.r.c.RepositoryConfigurationDelegate : Multiple Spring Data modules found, entering strict repository configuration mode
2024-08-14T08:19:08.474+03:00  INFO 25069 --- [Spring-Kotlin-DistributedLock] [main] .s.d.r.c.RepositoryConfigurationDelegate : Bootstrapping Spring Data JPA repositories in DEFAULT mode.
2024-08-14T08:19:08.572+03:00  INFO 25069 --- [Spring-Kotlin-DistributedLock] [main] .s.d.r.c.RepositoryConfigurationDelegate : Finished Spring Data repository scanning in 93 ms. Found 1 JPA repository interface.
2024-08-14T08:19:08.584+03:00  INFO 25069 --- [Spring-Kotlin-DistributedLock] [main] .s.d.r.c.RepositoryConfigurationDelegate : Multiple Spring Data modules found, entering strict repository configuration mode
2024-08-14T08:19:08.585+03:00  INFO 25069 --- [Spring-Kotlin-DistributedLock] [main] .s.d.r.c.RepositoryConfigurationDelegate : Bootstrapping Spring Data Redis repositories in DEFAULT mode.
2024-08-14T08:19:08.594+03:00  INFO 25069 --- [Spring-Kotlin-DistributedLock] [main] .RepositoryConfigurationExtensionSupport : Spring Data Redis - Could not safely identify store assignment for repository candidate interface com.github.senocak.skdl.LockTableRepository; If you want this repository to be a Redis repository, consider annotating your entities with one of these annotations: org.springframework.data.redis.core.RedisHash (preferred), or consider extending one of the following types with your repository: org.springframework.data.keyvalue.repository.KeyValueRepository
2024-08-14T08:19:08.594+03:00  INFO 25069 --- [Spring-Kotlin-DistributedLock] [main] .s.d.r.c.RepositoryConfigurationDelegate : Finished Spring Data repository scanning in 3 ms. Found 0 Redis repository interfaces.
2024-08-14T08:19:08.652+03:00  INFO 25069 --- [Spring-Kotlin-DistributedLock] [main] faultConfiguringBeanFactoryPostProcessor : No bean named 'errorChannel' has been explicitly defined. Therefore, a default PublishSubscribeChannel will be created.
2024-08-14T08:19:08.656+03:00  INFO 25069 --- [Spring-Kotlin-DistributedLock] [main] faultConfiguringBeanFactoryPostProcessor : No bean named 'integrationHeaderChannelRegistry' has been explicitly defined. Therefore, a default DefaultHeaderChannelRegistry will be created.
2024-08-14T08:19:08.943+03:00  INFO 25069 --- [Spring-Kotlin-DistributedLock] [main] o.s.b.w.embedded.tomcat.TomcatWebServer  : Tomcat initialized with port 8099 (http)
2024-08-14T08:19:08.950+03:00  INFO 25069 --- [Spring-Kotlin-DistributedLock] [main] o.apache.catalina.core.StandardService   : Starting service [Tomcat]
2024-08-14T08:19:08.950+03:00  INFO 25069 --- [Spring-Kotlin-DistributedLock] [main] o.apache.catalina.core.StandardEngine    : Starting Servlet engine: [Apache Tomcat/10.1.26]
2024-08-14T08:19:08.984+03:00  INFO 25069 --- [Spring-Kotlin-DistributedLock] [main] o.a.c.c.C.[Tomcat].[localhost].[/]       : Initializing Spring embedded WebApplicationContext
2024-08-14T08:19:08.985+03:00  INFO 25069 --- [Spring-Kotlin-DistributedLock] [main] w.s.c.ServletWebServerApplicationContext : Root WebApplicationContext: initialization completed in 1131 ms
2024-08-14T08:19:09.042+03:00  INFO 25069 --- [Spring-Kotlin-DistributedLock] [main] com.zaxxer.hikari.HikariDataSource       : HikariPool-1 - Starting...
2024-08-14T08:19:09.147+03:00  INFO 25069 --- [Spring-Kotlin-DistributedLock] [main] com.zaxxer.hikari.pool.HikariPool        : HikariPool-1 - Added connection org.postgresql.jdbc.PgConnection@23b1aa9
2024-08-14T08:19:09.148+03:00  INFO 25069 --- [Spring-Kotlin-DistributedLock] [main] com.zaxxer.hikari.HikariDataSource       : HikariPool-1 - Start completed.
2024-08-14T08:19:09.203+03:00  INFO 25069 --- [Spring-Kotlin-DistributedLock] [main] o.hibernate.jpa.internal.util.LogHelper  : HHH000204: Processing PersistenceUnitInfo [name: default]
2024-08-14T08:19:09.234+03:00  INFO 25069 --- [Spring-Kotlin-DistributedLock] [main] org.hibernate.Version                    : HHH000412: Hibernate ORM core version 6.5.2.Final
2024-08-14T08:19:09.252+03:00  INFO 25069 --- [Spring-Kotlin-DistributedLock] [main] o.h.c.internal.RegionFactoryInitiator    : HHH000026: Second-level cache disabled
2024-08-14T08:19:09.426+03:00  INFO 25069 --- [Spring-Kotlin-DistributedLock] [main] o.s.o.j.p.SpringPersistenceUnitInfo      : No LoadTimeWeaver setup: ignoring JPA class transformer
2024-08-14T08:19:09.863+03:00  INFO 25069 --- [Spring-Kotlin-DistributedLock] [main] o.h.e.t.j.p.i.JtaPlatformInitiator       : HHH000489: No JTA platform available (set 'hibernate.transaction.jta.platform' to enable JTA platform integration)
2024-08-14T08:19:09.923+03:00  INFO 25069 --- [Spring-Kotlin-DistributedLock] [main] j.LocalContainerEntityManagerFactoryBean : Initialized JPA EntityManagerFactory for persistence unit 'default'
2024-08-14T08:19:10.375+03:00  WARN 25069 --- [Spring-Kotlin-DistributedLock] [main] JpaBaseConfiguration$JpaWebConfiguration : spring.jpa.open-in-view is enabled by default. Therefore, database queries may be performed during view rendering. Explicitly configure spring.jpa.open-in-view to disable this warning
2024-08-14T08:19:10.768+03:00  INFO 25069 --- [Spring-Kotlin-DistributedLock] [main] o.s.i.endpoint.EventDrivenConsumer       : Adding {logging-channel-adapter:_org.springframework.integration.errorLogger} as a subscriber to the 'errorChannel' channel
2024-08-14T08:19:10.768+03:00  INFO 25069 --- [Spring-Kotlin-DistributedLock] [main] o.s.i.channel.PublishSubscribeChannel    : Channel 'Spring-Kotlin-DistributedLock.errorChannel' has 1 subscriber(s).
2024-08-14T08:19:10.768+03:00  INFO 25069 --- [Spring-Kotlin-DistributedLock] [main] o.s.i.endpoint.EventDrivenConsumer       : started bean '_org.springframework.integration.errorLogger'
2024-08-14T08:19:10.783+03:00  INFO 25069 --- [Spring-Kotlin-DistributedLock] [main] o.s.b.w.embedded.tomcat.TomcatWebServer  : Tomcat started on port 8099 (http) with context path '/'
2024-08-14T08:19:10.805+03:00  INFO 25069 --- [Spring-Kotlin-DistributedLock] [main] SpringKotlinDistributedLockApplicationKt : Started SpringKotlinDistributedLockApplicationKt in 3.229 seconds (process running for 3.692)
2024-08-14T08:19:10.981+03:00  INFO 25069 --- [Spring-Kotlin-DistributedLock] [main] com.github.senocak.skdl.LockService      : DB populating is completed...
2024-08-14T08:19:14.824+03:00  INFO 25069 --- [Spring-Kotlin-DistributedLock] [http-nio-8099-exec-1] o.a.c.c.C.[Tomcat].[localhost].[/]       : Initializing Spring DispatcherServlet 'dispatcherServlet'
2024-08-14T08:19:14.900+03:00  INFO 25069 --- [Spring-Kotlin-DistributedLock] [http-nio-8099-exec-1] com.github.senocak.skdl.LockService      : [1]Amount is incremented for anil1
2024-08-14T08:19:23.282+03:00 ERROR 25069 --- [Spring-Kotlin-DistributedLock] [http-nio-8099-exec-2] com.github.senocak.skdl.LockController   : Lock is not available
2024-08-14T08:19:24.913+03:00  INFO 25069 --- [Spring-Kotlin-DistributedLock] [http-nio-8099-exec-1] com.github.senocak.skdl.LockController   : Waited 10sec
2024-08-14T08:28:48.376+03:00  INFO 25069 --- [Spring-Kotlin-DistributedLock] [SpringApplicationShutdownHook] o.s.i.endpoint.EventDrivenConsumer       : Removing {logging-channel-adapter:_org.springframework.integration.errorLogger} as a subscriber to the 'errorChannel' channel
2024-08-14T08:28:48.377+03:00  INFO 25069 --- [Spring-Kotlin-DistributedLock] [SpringApplicationShutdownHook] o.s.i.channel.PublishSubscribeChannel    : Channel 'Spring-Kotlin-DistributedLock.errorChannel' has 0 subscriber(s).
2024-08-14T08:28:48.377+03:00  INFO 25069 --- [Spring-Kotlin-DistributedLock] [SpringApplicationShutdownHook] o.s.i.endpoint.EventDrivenConsumer       : stopped bean '_org.springframework.integration.errorLogger'
2024-08-14T08:28:48.392+03:00  INFO 25069 --- [Spring-Kotlin-DistributedLock] [SpringApplicationShutdownHook] j.LocalContainerEntityManagerFactoryBean : Closing JPA EntityManagerFactory for persistence unit 'default'
2024-08-14T08:28:48.395+03:00  INFO 25069 --- [Spring-Kotlin-DistributedLock] [SpringApplicationShutdownHook] com.zaxxer.hikari.HikariDataSource       : HikariPool-1 - Shutdown initiated...
2024-08-14T08:28:48.397+03:00  INFO 25069 --- [Spring-Kotlin-DistributedLock] [SpringApplicationShutdownHook] com.zaxxer.hikari.HikariDataSource       : HikariPool-1 - Shutdown completed.
2024-08-14T08:28:51.174+03:00  INFO 26074 --- [Spring-Kotlin-DistributedLock] [main] SpringKotlinDistributedLockApplicationKt : Starting SpringKotlinDistributedLockApplicationKt using Java 17.0.10 with PID 26074 (/Users/tcasenocak/Desktop/github/Spring-Kotlin-DistributedLock/build/classes/kotlin/main started by tcasenocak in /Users/tcasenocak/Desktop/github/Spring-Kotlin-DistributedLock)
2024-08-14T08:28:51.175+03:00  INFO 26074 --- [Spring-Kotlin-DistributedLock] [main] SpringKotlinDistributedLockApplicationKt : No active profile set, falling back to 1 default profile: "default"
2024-08-14T08:28:51.578+03:00  INFO 26074 --- [Spring-Kotlin-DistributedLock] [main] .s.d.r.c.RepositoryConfigurationDelegate : Multiple Spring Data modules found, entering strict repository configuration mode
2024-08-14T08:28:51.579+03:00  INFO 26074 --- [Spring-Kotlin-DistributedLock] [main] .s.d.r.c.RepositoryConfigurationDelegate : Bootstrapping Spring Data JPA repositories in DEFAULT mode.
2024-08-14T08:28:51.671+03:00  INFO 26074 --- [Spring-Kotlin-DistributedLock] [main] .s.d.r.c.RepositoryConfigurationDelegate : Finished Spring Data repository scanning in 87 ms. Found 1 JPA repository interface.
2024-08-14T08:28:51.682+03:00  INFO 26074 --- [Spring-Kotlin-DistributedLock] [main] .s.d.r.c.RepositoryConfigurationDelegate : Multiple Spring Data modules found, entering strict repository configuration mode
2024-08-14T08:28:51.683+03:00  INFO 26074 --- [Spring-Kotlin-DistributedLock] [main] .s.d.r.c.RepositoryConfigurationDelegate : Bootstrapping Spring Data Redis repositories in DEFAULT mode.
2024-08-14T08:28:51.690+03:00  INFO 26074 --- [Spring-Kotlin-DistributedLock] [main] .RepositoryConfigurationExtensionSupport : Spring Data Redis - Could not safely identify store assignment for repository candidate interface com.github.senocak.skdl.LockTableRepository; If you want this repository to be a Redis repository, consider annotating your entities with one of these annotations: org.springframework.data.redis.core.RedisHash (preferred), or consider extending one of the following types with your repository: org.springframework.data.keyvalue.repository.KeyValueRepository
2024-08-14T08:28:51.691+03:00  INFO 26074 --- [Spring-Kotlin-DistributedLock] [main] .s.d.r.c.RepositoryConfigurationDelegate : Finished Spring Data repository scanning in 2 ms. Found 0 Redis repository interfaces.
2024-08-14T08:28:51.747+03:00  INFO 26074 --- [Spring-Kotlin-DistributedLock] [main] faultConfiguringBeanFactoryPostProcessor : No bean named 'errorChannel' has been explicitly defined. Therefore, a default PublishSubscribeChannel will be created.
2024-08-14T08:28:51.752+03:00  INFO 26074 --- [Spring-Kotlin-DistributedLock] [main] faultConfiguringBeanFactoryPostProcessor : No bean named 'integrationHeaderChannelRegistry' has been explicitly defined. Therefore, a default DefaultHeaderChannelRegistry will be created.
2024-08-14T08:28:52.028+03:00  INFO 26074 --- [Spring-Kotlin-DistributedLock] [main] o.s.b.w.embedded.tomcat.TomcatWebServer  : Tomcat initialized with port 8099 (http)
2024-08-14T08:28:52.035+03:00  INFO 26074 --- [Spring-Kotlin-DistributedLock] [main] o.apache.catalina.core.StandardService   : Starting service [Tomcat]
2024-08-14T08:28:52.035+03:00  INFO 26074 --- [Spring-Kotlin-DistributedLock] [main] o.apache.catalina.core.StandardEngine    : Starting Servlet engine: [Apache Tomcat/10.1.26]
2024-08-14T08:28:52.063+03:00  INFO 26074 --- [Spring-Kotlin-DistributedLock] [main] o.a.c.c.C.[Tomcat].[localhost].[/]       : Initializing Spring embedded WebApplicationContext
2024-08-14T08:28:52.063+03:00  INFO 26074 --- [Spring-Kotlin-DistributedLock] [main] w.s.c.ServletWebServerApplicationContext : Root WebApplicationContext: initialization completed in 867 ms
2024-08-14T08:28:52.108+03:00  INFO 26074 --- [Spring-Kotlin-DistributedLock] [main] com.zaxxer.hikari.HikariDataSource       : HikariPool-1 - Starting...
2024-08-14T08:28:52.215+03:00  INFO 26074 --- [Spring-Kotlin-DistributedLock] [main] com.zaxxer.hikari.pool.HikariPool        : HikariPool-1 - Added connection org.postgresql.jdbc.PgConnection@23564dd2
2024-08-14T08:28:52.216+03:00  INFO 26074 --- [Spring-Kotlin-DistributedLock] [main] com.zaxxer.hikari.HikariDataSource       : HikariPool-1 - Start completed.
2024-08-14T08:28:52.265+03:00  INFO 26074 --- [Spring-Kotlin-DistributedLock] [main] o.hibernate.jpa.internal.util.LogHelper  : HHH000204: Processing PersistenceUnitInfo [name: default]
2024-08-14T08:28:52.303+03:00  INFO 26074 --- [Spring-Kotlin-DistributedLock] [main] org.hibernate.Version                    : HHH000412: Hibernate ORM core version 6.5.2.Final
2024-08-14T08:28:52.324+03:00  INFO 26074 --- [Spring-Kotlin-DistributedLock] [main] o.h.c.internal.RegionFactoryInitiator    : HHH000026: Second-level cache disabled
2024-08-14T08:28:52.486+03:00  INFO 26074 --- [Spring-Kotlin-DistributedLock] [main] o.s.o.j.p.SpringPersistenceUnitInfo      : No LoadTimeWeaver setup: ignoring JPA class transformer
2024-08-14T08:28:52.943+03:00  INFO 26074 --- [Spring-Kotlin-DistributedLock] [main] o.h.e.t.j.p.i.JtaPlatformInitiator       : HHH000489: No JTA platform available (set 'hibernate.transaction.jta.platform' to enable JTA platform integration)
2024-08-14T08:28:53.005+03:00  INFO 26074 --- [Spring-Kotlin-DistributedLock] [main] j.LocalContainerEntityManagerFactoryBean : Initialized JPA EntityManagerFactory for persistence unit 'default'
2024-08-14T08:28:53.425+03:00  WARN 26074 --- [Spring-Kotlin-DistributedLock] [main] JpaBaseConfiguration$JpaWebConfiguration : spring.jpa.open-in-view is enabled by default. Therefore, database queries may be performed during view rendering. Explicitly configure spring.jpa.open-in-view to disable this warning
2024-08-14T08:28:53.730+03:00  INFO 26074 --- [Spring-Kotlin-DistributedLock] [main] o.s.i.endpoint.EventDrivenConsumer       : Adding {logging-channel-adapter:_org.springframework.integration.errorLogger} as a subscriber to the 'errorChannel' channel
2024-08-14T08:28:53.730+03:00  INFO 26074 --- [Spring-Kotlin-DistributedLock] [main] o.s.i.channel.PublishSubscribeChannel    : Channel 'Spring-Kotlin-DistributedLock.errorChannel' has 1 subscriber(s).
2024-08-14T08:28:53.730+03:00  INFO 26074 --- [Spring-Kotlin-DistributedLock] [main] o.s.i.endpoint.EventDrivenConsumer       : started bean '_org.springframework.integration.errorLogger'
2024-08-14T08:28:53.738+03:00  INFO 26074 --- [Spring-Kotlin-DistributedLock] [main] o.s.b.w.embedded.tomcat.TomcatWebServer  : Tomcat started on port 8099 (http) with context path '/'
2024-08-14T08:28:53.750+03:00  INFO 26074 --- [Spring-Kotlin-DistributedLock] [main] SpringKotlinDistributedLockApplicationKt : Started SpringKotlinDistributedLockApplicationKt in 2.809 seconds (process running for 3.277)
2024-08-14T08:28:53.854+03:00  INFO 26074 --- [Spring-Kotlin-DistributedLock] [main] com.github.senocak.skdl.LockController   : DB populating is completed...
2024-08-14T08:28:56.247+03:00  INFO 26074 --- [Spring-Kotlin-DistributedLock] [http-nio-8099-exec-1] o.a.c.c.C.[Tomcat].[localhost].[/]       : Initializing Spring DispatcherServlet 'dispatcherServlet'
2024-08-14T08:28:56.323+03:00  INFO 26074 --- [Spring-Kotlin-DistributedLock] [http-nio-8099-exec-1] com.github.senocak.skdl.LockController   : [http-nio-8099-exec-1]Amount is incremented for anil1
2024-08-14T08:29:02.624+03:00 ERROR 26074 --- [Spring-Kotlin-DistributedLock] [http-nio-8099-exec-2] com.github.senocak.skdl.LockController   : Lock is not available
2024-08-14T08:29:06.327+03:00  INFO 26074 --- [Spring-Kotlin-DistributedLock] [http-nio-8099-exec-1] com.github.senocak.skdl.LockController   : Waited 10sec
2024-08-14T08:29:23.442+03:00  INFO 26074 --- [Spring-Kotlin-DistributedLock] [http-nio-8099-exec-5] com.github.senocak.skdl.LockController   : [http-nio-8099-exec-5]Amount is incremented for anil1
2024-08-14T08:29:24.254+03:00 ERROR 26074 --- [Spring-Kotlin-DistributedLock] [http-nio-8099-exec-6] com.github.senocak.skdl.LockController   : Lock is not available
2024-08-14T08:29:33.444+03:00  INFO 26074 --- [Spring-Kotlin-DistributedLock] [http-nio-8099-exec-5] com.github.senocak.skdl.LockController   : Waited 10sec
2024-08-14T08:32:07.172+03:00  INFO 26074 --- [Spring-Kotlin-DistributedLock] [SpringApplicationShutdownHook] o.s.i.endpoint.EventDrivenConsumer       : Removing {logging-channel-adapter:_org.springframework.integration.errorLogger} as a subscriber to the 'errorChannel' channel
2024-08-14T08:32:07.174+03:00  INFO 26074 --- [Spring-Kotlin-DistributedLock] [SpringApplicationShutdownHook] o.s.i.channel.PublishSubscribeChannel    : Channel 'Spring-Kotlin-DistributedLock.errorChannel' has 0 subscriber(s).
2024-08-14T08:32:07.174+03:00  INFO 26074 --- [Spring-Kotlin-DistributedLock] [SpringApplicationShutdownHook] o.s.i.endpoint.EventDrivenConsumer       : stopped bean '_org.springframework.integration.errorLogger'
2024-08-14T08:32:07.189+03:00  INFO 26074 --- [Spring-Kotlin-DistributedLock] [SpringApplicationShutdownHook] j.LocalContainerEntityManagerFactoryBean : Closing JPA EntityManagerFactory for persistence unit 'default'
2024-08-14T08:32:07.192+03:00  INFO 26074 --- [Spring-Kotlin-DistributedLock] [SpringApplicationShutdownHook] com.zaxxer.hikari.HikariDataSource       : HikariPool-1 - Shutdown initiated...
2024-08-14T08:32:07.193+03:00  INFO 26074 --- [Spring-Kotlin-DistributedLock] [SpringApplicationShutdownHook] com.zaxxer.hikari.HikariDataSource       : HikariPool-1 - Shutdown completed.
2024-08-14T08:32:10.326+03:00  INFO 26968 --- [Spring-Kotlin-DistributedLock] [main] SpringKotlinDistributedLockApplicationKt : Starting SpringKotlinDistributedLockApplicationKt using Java 17.0.10 with PID 26968 (/Users/tcasenocak/Desktop/github/Spring-Kotlin-DistributedLock/build/classes/kotlin/main started by tcasenocak in /Users/tcasenocak/Desktop/github/Spring-Kotlin-DistributedLock)
2024-08-14T08:32:10.327+03:00  INFO 26968 --- [Spring-Kotlin-DistributedLock] [main] SpringKotlinDistributedLockApplicationKt : No active profile set, falling back to 1 default profile: "default"
2024-08-14T08:32:10.792+03:00  INFO 26968 --- [Spring-Kotlin-DistributedLock] [main] .s.d.r.c.RepositoryConfigurationDelegate : Multiple Spring Data modules found, entering strict repository configuration mode
2024-08-14T08:32:10.794+03:00  INFO 26968 --- [Spring-Kotlin-DistributedLock] [main] .s.d.r.c.RepositoryConfigurationDelegate : Bootstrapping Spring Data JPA repositories in DEFAULT mode.
2024-08-14T08:32:10.881+03:00  INFO 26968 --- [Spring-Kotlin-DistributedLock] [main] .s.d.r.c.RepositoryConfigurationDelegate : Finished Spring Data repository scanning in 82 ms. Found 1 JPA repository interface.
2024-08-14T08:32:10.891+03:00  INFO 26968 --- [Spring-Kotlin-DistributedLock] [main] .s.d.r.c.RepositoryConfigurationDelegate : Multiple Spring Data modules found, entering strict repository configuration mode
2024-08-14T08:32:10.891+03:00  INFO 26968 --- [Spring-Kotlin-DistributedLock] [main] .s.d.r.c.RepositoryConfigurationDelegate : Bootstrapping Spring Data Redis repositories in DEFAULT mode.
2024-08-14T08:32:10.899+03:00  INFO 26968 --- [Spring-Kotlin-DistributedLock] [main] .RepositoryConfigurationExtensionSupport : Spring Data Redis - Could not safely identify store assignment for repository candidate interface com.github.senocak.skdl.LockTableRepository; If you want this repository to be a Redis repository, consider annotating your entities with one of these annotations: org.springframework.data.redis.core.RedisHash (preferred), or consider extending one of the following types with your repository: org.springframework.data.keyvalue.repository.KeyValueRepository
2024-08-14T08:32:10.899+03:00  INFO 26968 --- [Spring-Kotlin-DistributedLock] [main] .s.d.r.c.RepositoryConfigurationDelegate : Finished Spring Data repository scanning in 3 ms. Found 0 Redis repository interfaces.
2024-08-14T08:32:10.958+03:00  INFO 26968 --- [Spring-Kotlin-DistributedLock] [main] faultConfiguringBeanFactoryPostProcessor : No bean named 'errorChannel' has been explicitly defined. Therefore, a default PublishSubscribeChannel will be created.
2024-08-14T08:32:10.962+03:00  INFO 26968 --- [Spring-Kotlin-DistributedLock] [main] faultConfiguringBeanFactoryPostProcessor : No bean named 'integrationHeaderChannelRegistry' has been explicitly defined. Therefore, a default DefaultHeaderChannelRegistry will be created.
2024-08-14T08:32:11.229+03:00  INFO 26968 --- [Spring-Kotlin-DistributedLock] [main] o.s.b.w.embedded.tomcat.TomcatWebServer  : Tomcat initialized with port 8099 (http)
2024-08-14T08:32:11.235+03:00  INFO 26968 --- [Spring-Kotlin-DistributedLock] [main] o.apache.catalina.core.StandardService   : Starting service [Tomcat]
2024-08-14T08:32:11.235+03:00  INFO 26968 --- [Spring-Kotlin-DistributedLock] [main] o.apache.catalina.core.StandardEngine    : Starting Servlet engine: [Apache Tomcat/10.1.26]
2024-08-14T08:32:11.268+03:00  INFO 26968 --- [Spring-Kotlin-DistributedLock] [main] o.a.c.c.C.[Tomcat].[localhost].[/]       : Initializing Spring embedded WebApplicationContext
2024-08-14T08:32:11.268+03:00  INFO 26968 --- [Spring-Kotlin-DistributedLock] [main] w.s.c.ServletWebServerApplicationContext : Root WebApplicationContext: initialization completed in 919 ms
2024-08-14T08:32:11.317+03:00  INFO 26968 --- [Spring-Kotlin-DistributedLock] [main] com.zaxxer.hikari.HikariDataSource       : HikariPool-1 - Starting...
2024-08-14T08:32:11.417+03:00  INFO 26968 --- [Spring-Kotlin-DistributedLock] [main] com.zaxxer.hikari.pool.HikariPool        : HikariPool-1 - Added connection org.postgresql.jdbc.PgConnection@59e7564b
2024-08-14T08:32:11.418+03:00  INFO 26968 --- [Spring-Kotlin-DistributedLock] [main] com.zaxxer.hikari.HikariDataSource       : HikariPool-1 - Start completed.
2024-08-14T08:32:11.470+03:00  INFO 26968 --- [Spring-Kotlin-DistributedLock] [main] o.hibernate.jpa.internal.util.LogHelper  : HHH000204: Processing PersistenceUnitInfo [name: default]
2024-08-14T08:32:11.500+03:00  INFO 26968 --- [Spring-Kotlin-DistributedLock] [main] org.hibernate.Version                    : HHH000412: Hibernate ORM core version 6.5.2.Final
2024-08-14T08:32:11.517+03:00  INFO 26968 --- [Spring-Kotlin-DistributedLock] [main] o.h.c.internal.RegionFactoryInitiator    : HHH000026: Second-level cache disabled
2024-08-14T08:32:11.676+03:00  INFO 26968 --- [Spring-Kotlin-DistributedLock] [main] o.s.o.j.p.SpringPersistenceUnitInfo      : No LoadTimeWeaver setup: ignoring JPA class transformer
2024-08-14T08:32:12.113+03:00  INFO 26968 --- [Spring-Kotlin-DistributedLock] [main] o.h.e.t.j.p.i.JtaPlatformInitiator       : HHH000489: No JTA platform available (set 'hibernate.transaction.jta.platform' to enable JTA platform integration)
2024-08-14T08:32:12.160+03:00  INFO 26968 --- [Spring-Kotlin-DistributedLock] [main] j.LocalContainerEntityManagerFactoryBean : Initialized JPA EntityManagerFactory for persistence unit 'default'
2024-08-14T08:32:12.563+03:00  WARN 26968 --- [Spring-Kotlin-DistributedLock] [main] JpaBaseConfiguration$JpaWebConfiguration : spring.jpa.open-in-view is enabled by default. Therefore, database queries may be performed during view rendering. Explicitly configure spring.jpa.open-in-view to disable this warning
2024-08-14T08:32:12.868+03:00  INFO 26968 --- [Spring-Kotlin-DistributedLock] [main] o.s.i.endpoint.EventDrivenConsumer       : Adding {logging-channel-adapter:_org.springframework.integration.errorLogger} as a subscriber to the 'errorChannel' channel
2024-08-14T08:32:12.868+03:00  INFO 26968 --- [Spring-Kotlin-DistributedLock] [main] o.s.i.channel.PublishSubscribeChannel    : Channel 'Spring-Kotlin-DistributedLock.errorChannel' has 1 subscriber(s).
2024-08-14T08:32:12.868+03:00  INFO 26968 --- [Spring-Kotlin-DistributedLock] [main] o.s.i.endpoint.EventDrivenConsumer       : started bean '_org.springframework.integration.errorLogger'
2024-08-14T08:32:12.876+03:00  INFO 26968 --- [Spring-Kotlin-DistributedLock] [main] o.s.b.w.embedded.tomcat.TomcatWebServer  : Tomcat started on port 8099 (http) with context path '/'
2024-08-14T08:32:12.889+03:00  INFO 26968 --- [Spring-Kotlin-DistributedLock] [main] SpringKotlinDistributedLockApplicationKt : Started SpringKotlinDistributedLockApplicationKt in 2.778 seconds (process running for 3.236)
2024-08-14T08:32:13.019+03:00  INFO 26968 --- [Spring-Kotlin-DistributedLock] [main] com.github.senocak.skdl.LockController   : DB populating is completed...
2024-08-14T08:32:15.041+03:00  INFO 26968 --- [Spring-Kotlin-DistributedLock] [http-nio-8099-exec-1] o.a.c.c.C.[Tomcat].[localhost].[/]       : Initializing Spring DispatcherServlet 'dispatcherServlet'
2024-08-14T08:32:15.311+03:00  INFO 26968 --- [Spring-Kotlin-DistributedLock] [http-nio-8099-exec-1] com.github.senocak.skdl.LockController   : [http-nio-8099-exec-1]Amount is incremented for anil1
2024-08-14T08:32:16.414+03:00 ERROR 26968 --- [Spring-Kotlin-DistributedLock] [http-nio-8099-exec-2] com.github.senocak.skdl.LockController   : Lock is not available
2024-08-14T08:32:25.315+03:00  INFO 26968 --- [Spring-Kotlin-DistributedLock] [http-nio-8099-exec-1] com.github.senocak.skdl.LockController   : Waited 10sec
2024-08-14T08:32:33.612+03:00  INFO 26968 --- [Spring-Kotlin-DistributedLock] [http-nio-8099-exec-5] com.github.senocak.skdl.LockController   : [http-nio-8099-exec-5]Amount is incremented for anil1
2024-08-14T08:32:41.078+03:00 ERROR 26968 --- [Spring-Kotlin-DistributedLock] [http-nio-8099-exec-6] com.github.senocak.skdl.LockController   : Lock is not available
2024-08-14T08:32:43.618+03:00  INFO 26968 --- [Spring-Kotlin-DistributedLock] [http-nio-8099-exec-5] com.github.senocak.skdl.LockController   : Waited 10sec
